TN:
SF:/Users/jobcuppen/Documents/GitRepositories/MahjongWebs6/Mahjong/src/polyfills.ts
FNF:0
FNH:0
DA:46,1
DA:60,1
LF:2
LH:2
BRF:0
BRH:0
end_of_record
TN:
SF:/Users/jobcuppen/Documents/GitRepositories/MahjongWebs6/Mahjong/src/test.ts
FN:20,(anonymous_0)
FNF:1
FNH:1
FNDA:1,(anonymous_0)
DA:3,1
DA:4,1
DA:5,1
DA:6,1
DA:7,1
DA:8,1
DA:9,1
DA:10,1
DA:20,1
DA:23,1
DA:28,1
DA:30,1
DA:32,1
LF:13
LH:13
BRF:0
BRH:0
end_of_record
TN:
SF:/Users/jobcuppen/Documents/GitRepositories/MahjongWebs6/Mahjong/src/app/app.component.ts
FN:8,(anonymous_1)
FN:3,AppComponent
FNF:2
FNH:2
FNDA:1,(anonymous_1)
FNDA:3,AppComponent
DA:1,1
DA:8,1
DA:9,3
DA:10,1
LF:4
LH:4
BRF:0
BRH:0
end_of_record
TN:
SF:/Users/jobcuppen/Documents/GitRepositories/MahjongWebs6/Mahjong/src/app/socket.service.ts
FN:7,(anonymous_2)
FN:9,SocketService
FN:18,(anonymous_4)
FN:23,(anonymous_5)
FN:27,(anonymous_6)
FNF:5
FNH:2
FNDA:1,(anonymous_2)
FNDA:1,SocketService
FNDA:0,(anonymous_4)
FNDA:0,(anonymous_5)
FNDA:0,(anonymous_6)
DA:1,1
DA:2,1
DA:4,1
DA:7,1
DA:13,1
DA:18,1
DA:19,0
DA:20,0
DA:23,1
DA:27,0
DA:28,0
DA:29,0
DA:39,1
LF:13
LH:8
BRF:0
BRH:0
end_of_record
TN:
SF:/Users/jobcuppen/Documents/GitRepositories/MahjongWebs6/Mahjong/src/app/game/game.module.ts
FN:53,(anonymous_1)
FNF:1
FNH:1
FNDA:1,(anonymous_1)
DA:1,1
DA:2,1
DA:3,1
DA:4,1
DA:6,1
DA:7,1
DA:9,1
DA:10,1
DA:11,1
DA:13,1
DA:14,1
DA:16,1
DA:17,1
DA:19,1
DA:20,1
DA:21,1
DA:22,1
DA:23,1
DA:24,1
DA:53,1
LF:20
LH:20
BRF:0
BRH:0
end_of_record
TN:
SF:/Users/jobcuppen/Documents/GitRepositories/MahjongWebs6/Mahjong/src/app/game-template/game-template.module.ts
FN:30,(anonymous_1)
FNF:1
FNH:1
FNDA:1,(anonymous_1)
DA:1,1
DA:2,1
DA:4,1
DA:6,1
DA:8,1
DA:12,1
DA:13,1
DA:30,1
LF:8
LH:8
BRF:0
BRH:0
end_of_record
TN:
SF:/Users/jobcuppen/Documents/GitRepositories/MahjongWebs6/Mahjong/src/app/game-template/components/game-template-preview/game-template-preview.component.ts
FN:11,(anonymous_2)
FN:14,TemplatePreviewComponent
FN:16,(anonymous_4)
FNF:3
FNH:2
FNDA:1,(anonymous_2)
FNDA:1,TemplatePreviewComponent
FNDA:0,(anonymous_4)
DA:1,1
DA:3,1
DA:11,1
DA:12,1
DA:16,1
DA:17,0
DA:19,1
LF:7
LH:6
BRF:0
BRH:0
end_of_record
TN:
SF:/Users/jobcuppen/Documents/GitRepositories/MahjongWebs6/Mahjong/src/app/game-template/models/game-template.ts
FN:3,(anonymous_0)
FNF:1
FNH:1
FNDA:1,(anonymous_0)
DA:3,1
DA:6,1
DA:8,1
LF:3
LH:3
BRF:0
BRH:0
end_of_record
TN:
SF:/Users/jobcuppen/Documents/GitRepositories/MahjongWebs6/Mahjong/src/app/game-template/services/game-template.service.ts
FN:12,(anonymous_7)
FN:19,GameTemplateService
FN:21,(anonymous_9)
FN:26,(anonymous_10)
FN:29,(anonymous_11)
FN:30,(anonymous_12)
FN:39,(anonymous_13)
FN:46,MockGameTemplateService
FN:50,(anonymous_15)
FNF:9
FNH:3
FNDA:1,(anonymous_7)
FNDA:1,GameTemplateService
FNDA:0,(anonymous_9)
FNDA:0,(anonymous_10)
FNDA:0,(anonymous_11)
FNDA:0,(anonymous_12)
FNDA:1,(anonymous_13)
FNDA:0,MockGameTemplateService
FNDA:0,(anonymous_15)
DA:1,1
DA:2,1
DA:4,1
DA:6,1
DA:7,1
DA:9,1
DA:12,1
DA:13,1
DA:15,1
DA:17,1
DA:19,1
DA:21,1
DA:22,0
DA:26,0
DA:29,1
DA:30,0
DA:31,0
DA:32,0
DA:33,0
DA:36,1
DA:39,1
DA:40,0
DA:42,0
DA:44,0
DA:46,0
DA:47,0
DA:50,1
DA:51,0
DA:53,1
LF:29
LH:17
BRDA:29,0,0,0
BRDA:29,0,1,0
BRDA:47,1,0,0
BRDA:47,1,1,0
BRF:4
BRH:0
end_of_record
TN:
SF:/Users/jobcuppen/Documents/GitRepositories/MahjongWebs6/Mahjong/src/app/game/components/game/game.component.ts
FN:15,(anonymous_2)
FN:19,GameComponent
FN:24,(anonymous_4)
FN:27,(anonymous_5)
FN:32,(anonymous_6)
FN:45,(anonymous_7)
FN:51,(anonymous_8)
FN:61,(anonymous_9)
FN:69,(anonymous_10)
FN:79,(anonymous_11)
FN:85,(anonymous_12)
FN:92,(anonymous_13)
FNF:12
FNH:1
FNDA:1,(anonymous_2)
FNDA:0,GameComponent
FNDA:0,(anonymous_4)
FNDA:0,(anonymous_5)
FNDA:0,(anonymous_6)
FNDA:0,(anonymous_7)
FNDA:0,(anonymous_8)
FNDA:0,(anonymous_9)
FNDA:0,(anonymous_10)
FNDA:0,(anonymous_11)
FNDA:0,(anonymous_12)
FNDA:0,(anonymous_13)
DA:1,1
DA:3,1
DA:5,1
DA:7,1
DA:8,1
DA:15,1
DA:16,1
DA:19,0
DA:20,0
DA:21,0
DA:23,0
DA:24,0
DA:27,1
DA:28,0
DA:32,1
DA:33,0
DA:34,0
DA:40,0
DA:43,0
DA:45,0
DA:46,0
DA:48,0
DA:51,1
DA:52,0
DA:54,0
DA:55,0
DA:58,0
DA:59,0
DA:61,0
DA:62,0
DA:66,0
DA:69,1
DA:72,0
DA:73,0
DA:76,0
DA:77,0
DA:79,0
DA:80,0
DA:82,0
DA:85,1
DA:86,0
DA:88,0
DA:92,1
DA:93,0
DA:97,0
DA:100,1
LF:46
LH:14
BRDA:34,0,0,0
BRDA:34,0,1,0
BRDA:35,1,0,0
BRDA:35,1,1,0
BRDA:35,1,2,0
BRDA:45,2,0,0
BRDA:45,2,1,0
BRDA:54,3,0,0
BRDA:54,3,1,0
BRDA:54,4,0,0
BRDA:54,4,1,0
BRDA:58,5,0,0
BRDA:58,5,1,0
BRDA:61,6,0,0
BRDA:61,6,1,0
BRDA:72,7,0,0
BRDA:72,7,1,0
BRDA:79,8,0,0
BRDA:79,8,1,0
BRDA:79,9,0,0
BRDA:79,9,1,0
BRF:21
BRH:0
end_of_record
TN:
SF:/Users/jobcuppen/Documents/GitRepositories/MahjongWebs6/Mahjong/src/app/game/components/game-board/game-board.component.ts
FN:21,(anonymous_2)
FN:32,GameBoardComponent
FN:42,(anonymous_4)
FN:44,(anonymous_5)
FN:45,(anonymous_6)
FN:50,(anonymous_7)
FN:54,(anonymous_8)
FN:57,(anonymous_9)
FN:66,(anonymous_10)
FN:70,(anonymous_11)
FN:77,(anonymous_12)
FN:78,(anonymous_13)
FN:83,(anonymous_14)
FN:88,(anonymous_15)
FN:96,(anonymous_16)
FNF:15
FNH:1
FNDA:1,(anonymous_2)
FNDA:0,GameBoardComponent
FNDA:0,(anonymous_4)
FNDA:0,(anonymous_5)
FNDA:0,(anonymous_6)
FNDA:0,(anonymous_7)
FNDA:0,(anonymous_8)
FNDA:0,(anonymous_9)
FNDA:0,(anonymous_10)
FNDA:0,(anonymous_11)
FNDA:0,(anonymous_12)
FNDA:0,(anonymous_13)
FNDA:0,(anonymous_14)
FNDA:0,(anonymous_15)
FNDA:0,(anonymous_16)
DA:1,1
DA:3,1
DA:4,1
DA:6,1
DA:9,1
DA:10,1
DA:11,1
DA:21,1
DA:26,0
DA:28,0
DA:30,0
DA:32,0
DA:33,0
DA:34,0
DA:35,0
DA:36,0
DA:37,0
DA:38,0
DA:39,0
DA:41,0
DA:42,0
DA:43,0
DA:45,0
DA:46,0
DA:49,0
DA:50,0
DA:52,0
DA:53,0
DA:54,0
DA:57,1
DA:58,0
DA:59,0
DA:63,0
DA:66,1
DA:67,0
DA:70,1
DA:71,0
DA:72,0
DA:74,0
DA:77,1
DA:78,0
DA:79,0
DA:80,0
DA:83,1
DA:84,0
DA:85,0
DA:86,0
DA:87,0
DA:88,0
DA:89,0
DA:90,0
DA:92,0
DA:95,0
DA:96,0
DA:97,0
DA:100,0
DA:103,0
DA:105,0
DA:107,0
DA:109,0
DA:113,1
LF:61
LH:14
BRDA:71,0,0,0
BRDA:71,0,1,0
BRDA:84,1,0,0
BRDA:84,1,1,0
BRDA:86,2,0,0
BRDA:86,2,1,0
BRDA:87,3,0,0
BRDA:87,3,1,0
BRDA:95,4,0,0
BRDA:95,4,1,0
BRDA:100,5,0,0
BRDA:100,5,1,0
BRF:12
BRH:0
end_of_record
TN:
SF:/Users/jobcuppen/Documents/GitRepositories/MahjongWebs6/Mahjong/src/app/game/components/game-create/game-create.component.ts
FN:15,(anonymous_2)
FN:24,GameCreateComponent
FN:30,(anonymous_4)
FN:36,(anonymous_5)
FN:39,(anonymous_6)
FN:48,(anonymous_7)
FN:55,(anonymous_8)
FN:61,(anonymous_9)
FNF:8
FNH:1
FNDA:1,(anonymous_2)
FNDA:0,GameCreateComponent
FNDA:0,(anonymous_4)
FNDA:0,(anonymous_5)
FNDA:0,(anonymous_6)
FNDA:0,(anonymous_7)
FNDA:0,(anonymous_8)
FNDA:0,(anonymous_9)
DA:1,1
DA:3,1
DA:4,1
DA:6,1
DA:8,1
DA:15,1
DA:16,0
DA:20,0
DA:24,0
DA:25,0
DA:26,0
DA:27,0
DA:29,0
DA:31,0
DA:32,0
DA:35,0
DA:36,0
DA:39,1
DA:40,0
DA:42,0
DA:43,0
DA:45,0
DA:48,1
DA:49,0
DA:51,0
DA:55,1
DA:57,0
DA:58,0
DA:61,1
DA:62,0
DA:63,0
DA:64,0
DA:66,0
DA:67,0
DA:68,0
DA:70,0
DA:76,1
LF:37
LH:11
BRDA:66,0,0,0
BRDA:66,0,1,0
BRDA:67,1,0,0
BRDA:67,1,1,0
BRDA:71,2,0,0
BRDA:71,2,1,0
BRDA:71,2,2,0
BRF:7
BRH:0
end_of_record
TN:
SF:/Users/jobcuppen/Documents/GitRepositories/MahjongWebs6/Mahjong/src/app/game/models/game-state.enum.ts
FN:1,(anonymous_0)
FNF:1
FNH:1
FNDA:1,(anonymous_0)
DA:1,1
DA:2,1
DA:3,1
DA:4,1
LF:4
LH:4
BRDA:1,0,0,1
BRDA:1,0,1,1
BRF:2
BRH:2
end_of_record
TN:
SF:/Users/jobcuppen/Documents/GitRepositories/MahjongWebs6/Mahjong/src/app/game/models/game.ts
FN:5,(anonymous_0)
FNF:1
FNH:1
FNDA:1,(anonymous_0)
DA:1,1
DA:3,1
DA:5,1
DA:16,1
DA:18,1
LF:5
LH:5
BRF:0
BRH:0
end_of_record
TN:
SF:/Users/jobcuppen/Documents/GitRepositories/MahjongWebs6/Mahjong/src/app/game/models/post-game.ts
FN:1,(anonymous_0)
FNF:1
FNH:1
FNDA:1,(anonymous_0)
DA:1,1
DA:5,1
LF:2
LH:2
BRF:0
BRH:0
end_of_record
TN:
SF:/Users/jobcuppen/Documents/GitRepositories/MahjongWebs6/Mahjong/src/app/game/pipes/matched.pipe.ts
FN:7,(anonymous_1)
FN:9,(anonymous_3)
FN:11,(anonymous_4)
FNF:3
FNH:1
FNDA:2,(anonymous_1)
FNDA:0,(anonymous_3)
FNDA:0,(anonymous_4)
DA:1,1
DA:7,1
DA:9,1
DA:10,0
DA:11,0
DA:14,1
LF:6
LH:4
BRDA:10,0,0,0
BRDA:10,0,1,0
BRF:2
BRH:0
end_of_record
TN:
SF:/Users/jobcuppen/Documents/GitRepositories/MahjongWebs6/Mahjong/src/app/game/pipes/unmatched.pipe.ts
FN:7,(anonymous_1)
FN:9,(anonymous_3)
FN:11,(anonymous_4)
FNF:3
FNH:1
FNDA:2,(anonymous_1)
FNDA:0,(anonymous_3)
FNDA:0,(anonymous_4)
DA:1,1
DA:7,1
DA:9,1
DA:10,0
DA:11,0
DA:15,1
LF:6
LH:4
BRDA:10,0,0,0
BRDA:10,0,1,0
BRF:2
BRH:0
end_of_record
TN:
SF:/Users/jobcuppen/Documents/GitRepositories/MahjongWebs6/Mahjong/src/app/game/services/game.service.ts
FN:23,(anonymous_7)
FN:36,GameService
FN:38,(anonymous_9)
FN:43,(anonymous_10)
FN:46,(anonymous_11)
FN:48,(anonymous_12)
FN:51,(anonymous_13)
FN:57,(anonymous_14)
FN:69,(anonymous_15)
FN:72,(anonymous_16)
FN:79,(anonymous_17)
FN:93,(anonymous_18)
FN:96,(anonymous_19)
FN:103,(anonymous_20)
FN:117,(anonymous_21)
FN:120,(anonymous_22)
FN:127,(anonymous_23)
FN:146,(anonymous_24)
FN:147,(anonymous_25)
FN:154,(anonymous_26)
FN:155,(anonymous_27)
FN:163,(anonymous_28)
FN:170,MockGameService
FN:174,(anonymous_30)
FNF:24
FNH:3
FNDA:1,(anonymous_7)
FNDA:1,GameService
FNDA:0,(anonymous_9)
FNDA:0,(anonymous_10)
FNDA:0,(anonymous_11)
FNDA:0,(anonymous_12)
FNDA:0,(anonymous_13)
FNDA:0,(anonymous_14)
FNDA:0,(anonymous_15)
FNDA:0,(anonymous_16)
FNDA:0,(anonymous_17)
FNDA:0,(anonymous_18)
FNDA:0,(anonymous_19)
FNDA:0,(anonymous_20)
FNDA:0,(anonymous_21)
FNDA:0,(anonymous_22)
FNDA:0,(anonymous_23)
FNDA:0,(anonymous_24)
FNDA:0,(anonymous_25)
FNDA:0,(anonymous_26)
FNDA:0,(anonymous_27)
FNDA:1,(anonymous_28)
FNDA:0,MockGameService
FNDA:0,(anonymous_30)
DA:1,1
DA:3,1
DA:5,1
DA:8,1
DA:9,1
DA:12,1
DA:23,1
DA:24,1
DA:26,1
DA:27,1
DA:29,1
DA:31,1
DA:32,1
DA:34,1
DA:36,1
DA:38,1
DA:39,0
DA:43,0
DA:46,1
DA:47,0
DA:48,0
DA:50,0
DA:53,0
DA:57,1
DA:58,0
DA:67,0
DA:70,0
DA:73,0
DA:74,0
DA:79,1
DA:80,0
DA:89,0
DA:91,0
DA:94,0
DA:97,0
DA:98,0
DA:103,1
DA:104,0
DA:113,0
DA:115,0
DA:118,0
DA:121,0
DA:122,0
DA:127,1
DA:128,0
DA:137,0
DA:142,0
DA:144,0
DA:148,0
DA:149,0
DA:154,1
DA:155,0
DA:156,0
DA:157,0
DA:160,1
DA:163,1
DA:164,0
DA:166,0
DA:168,0
DA:170,0
DA:171,0
DA:174,1
DA:175,0
DA:241,1
LF:64
LH:26
BRDA:154,0,0,0
BRDA:154,0,1,0
BRDA:171,1,0,0
BRDA:171,1,1,0
BRF:4
BRH:0
end_of_record
TN:
SF:/Users/jobcuppen/Documents/GitRepositories/MahjongWebs6/Mahjong/src/app/game/services/matching.service.ts
FN:9,(anonymous_2)
FN:11,MatchingService
FN:13,(anonymous_4)
FN:26,(anonymous_5)
FN:50,(anonymous_6)
FN:71,(anonymous_7)
FN:92,(anonymous_8)
FN:110,(anonymous_9)
FNF:8
FNH:1
FNDA:1,(anonymous_2)
FNDA:0,MatchingService
FNDA:0,(anonymous_4)
FNDA:0,(anonymous_5)
FNDA:0,(anonymous_6)
FNDA:0,(anonymous_7)
FNDA:0,(anonymous_8)
FNDA:0,(anonymous_9)
DA:1,1
DA:6,1
DA:9,1
DA:11,0
DA:13,1
DA:14,0
DA:15,0
DA:16,0
DA:17,0
DA:18,0
DA:20,0
DA:23,0
DA:26,1
DA:27,0
DA:28,0
DA:30,0
DA:31,0
DA:32,0
DA:33,0
DA:34,0
DA:37,0
DA:38,0
DA:39,0
DA:41,0
DA:42,0
DA:47,0
DA:50,1
DA:51,0
DA:58,0
DA:65,0
DA:66,0
DA:68,0
DA:71,1
DA:72,0
DA:79,0
DA:86,0
DA:87,0
DA:89,0
DA:92,1
DA:93,0
DA:100,0
DA:107,0
DA:110,1
DA:111,0
DA:117,1
LF:45
LH:10
BRDA:14,0,0,0
BRDA:14,0,1,0
BRDA:15,1,0,0
BRDA:15,1,1,0
BRDA:17,2,0,0
BRDA:17,2,1,0
BRDA:31,3,0,0
BRDA:31,3,1,0
BRDA:32,4,0,0
BRDA:32,4,1,0
BRDA:33,5,0,0
BRDA:33,5,1,0
BRDA:37,6,0,0
BRDA:37,6,1,0
BRDA:37,7,0,0
BRDA:37,7,1,0
BRDA:37,7,2,0
BRDA:38,8,0,0
BRDA:38,8,1,0
BRDA:41,9,0,0
BRDA:41,9,1,0
BRDA:47,10,0,0
BRDA:47,10,1,0
BRDA:65,11,0,0
BRDA:65,11,1,0
BRDA:86,12,0,0
BRDA:86,12,1,0
BRDA:112,13,0,0
BRDA:112,13,1,0
BRDA:112,13,2,0
BRDA:112,13,3,0
BRF:31
BRH:0
end_of_record
TN:
SF:/Users/jobcuppen/Documents/GitRepositories/MahjongWebs6/Mahjong/src/app/games/games.component.ts
FN:11,(anonymous_2)
FN:16,GamesComponent
FN:21,(anonymous_4)
FN:23,(anonymous_5)
FN:26,(anonymous_6)
FNF:5
FNH:1
FNDA:1,(anonymous_2)
FNDA:0,GamesComponent
FNDA:0,(anonymous_4)
FNDA:0,(anonymous_5)
FNDA:0,(anonymous_6)
DA:1,1
DA:3,1
DA:4,1
DA:11,1
DA:13,0
DA:16,0
DA:17,0
DA:18,0
DA:20,0
DA:21,0
DA:22,0
DA:23,0
DA:26,1
DA:27,0
DA:28,0
DA:30,1
LF:16
LH:6
BRF:0
BRH:0
end_of_record
TN:
SF:/Users/jobcuppen/Documents/GitRepositories/MahjongWebs6/Mahjong/src/app/login/login.module.ts
FN:28,(anonymous_1)
FNF:1
FNH:1
FNDA:1,(anonymous_1)
DA:1,1
DA:2,1
DA:4,1
DA:5,1
DA:7,1
DA:9,1
DA:10,1
DA:28,1
LF:8
LH:8
BRF:0
BRH:0
end_of_record
TN:
SF:/Users/jobcuppen/Documents/GitRepositories/MahjongWebs6/Mahjong/src/app/login/components/login/login.component.ts
FN:9,(anonymous_2)
FN:12,LoginComponent
FN:13,(anonymous_4)
FN:18,(anonymous_5)
FN:22,(anonymous_6)
FN:26,(anonymous_7)
FNF:6
FNH:4
FNDA:1,(anonymous_2)
FNDA:3,LoginComponent
FNDA:1,(anonymous_4)
FNDA:1,(anonymous_5)
FNDA:0,(anonymous_6)
FNDA:0,(anonymous_7)
DA:1,1
DA:3,1
DA:9,1
DA:12,3
DA:13,3
DA:14,1
DA:18,1
DA:19,1
DA:22,1
DA:23,0
DA:26,1
DA:27,0
DA:29,1
LF:13
LH:11
BRF:0
BRH:0
end_of_record
TN:
SF:/Users/jobcuppen/Documents/GitRepositories/MahjongWebs6/Mahjong/src/app/login/components/login-callback/login-callback.component.ts
FN:11,(anonymous_2)
FN:12,LoginCallbackComponent
FN:18,(anonymous_4)
FN:20,(anonymous_5)
FNF:4
FNH:1
FNDA:1,(anonymous_2)
FNDA:0,LoginCallbackComponent
FNDA:0,(anonymous_4)
FNDA:0,(anonymous_5)
DA:1,1
DA:2,1
DA:4,1
DA:11,1
DA:13,0
DA:14,0
DA:15,0
DA:18,1
DA:19,0
DA:20,0
DA:21,0
DA:25,0
DA:27,0
DA:30,1
LF:14
LH:6
BRF:0
BRH:0
end_of_record
TN:
SF:/Users/jobcuppen/Documents/GitRepositories/MahjongWebs6/Mahjong/src/app/pipes/active-games.pipe.ts
FN:7,(anonymous_1)
FN:9,(anonymous_3)
FN:10,(anonymous_4)
FNF:3
FNH:1
FNDA:2,(anonymous_1)
FNDA:0,(anonymous_3)
FNDA:0,(anonymous_4)
DA:1,1
DA:2,1
DA:7,1
DA:9,1
DA:10,0
DA:13,1
LF:6
LH:5
BRF:0
BRH:0
end_of_record
TN:
SF:/Users/jobcuppen/Documents/GitRepositories/MahjongWebs6/Mahjong/src/app/pipes/my-games.pipe.ts
FN:8,(anonymous_1)
FN:9,(anonymous_3)
FN:13,(anonymous_4)
FN:14,(anonymous_5)
FNF:4
FNH:1
FNDA:2,(anonymous_1)
FNDA:0,(anonymous_3)
FNDA:0,(anonymous_4)
FNDA:0,(anonymous_5)
DA:1,1
DA:8,1
DA:9,1
DA:10,0
DA:11,0
DA:12,0
DA:13,0
DA:14,0
DA:19,1
LF:9
LH:4
BRF:0
BRH:0
end_of_record
TN:
SF:/Users/jobcuppen/Documents/GitRepositories/MahjongWebs6/Mahjong/src/app/pipes/open-games-pipe.pipe.ts
FN:8,(anonymous_1)
FN:13,(anonymous_3)
FN:14,(anonymous_4)
FNF:3
FNH:1
FNDA:2,(anonymous_1)
FNDA:0,(anonymous_3)
FNDA:0,(anonymous_4)
DA:1,1
DA:3,1
DA:8,1
DA:13,1
DA:14,0
DA:17,1
LF:6
LH:5
BRF:0
BRH:0
end_of_record
TN:
SF:/Users/jobcuppen/Documents/GitRepositories/MahjongWebs6/Mahjong/src/app/tile/tile.module.ts
FN:27,(anonymous_1)
FNF:1
FNH:1
FNDA:1,(anonymous_1)
DA:1,1
DA:2,1
DA:3,1
DA:5,1
DA:6,1
DA:7,1
DA:9,1
DA:27,1
LF:8
LH:8
BRF:0
BRH:0
end_of_record
TN:
SF:/Users/jobcuppen/Documents/GitRepositories/MahjongWebs6/Mahjong/src/app/tile/components/board-tile/board-tile.component.ts
FN:10,(anonymous_2)
FN:31,BoardTileComponent
FN:17,(anonymous_4)
FN:21,(anonymous_5)
FN:24,(anonymous_6)
FN:27,(anonymous_7)
FN:33,(anonymous_8)
FNF:7
FNH:3
FNDA:1,(anonymous_2)
FNDA:1,BoardTileComponent
FNDA:0,(anonymous_4)
FNDA:0,(anonymous_5)
FNDA:0,(anonymous_6)
FNDA:0,(anonymous_7)
FNDA:1,(anonymous_8)
DA:1,1
DA:2,1
DA:4,1
DA:10,1
DA:11,1
DA:17,2
DA:18,0
DA:19,0
DA:21,2
DA:22,0
DA:24,2
DA:25,0
DA:27,2
DA:28,0
DA:31,1
DA:33,1
DA:34,1
DA:35,0
DA:36,0
DA:37,0
DA:39,1
LF:21
LH:13
BRF:0
BRH:0
end_of_record
TN:
SF:/Users/jobcuppen/Documents/GitRepositories/MahjongWebs6/Mahjong/src/app/tile/components/tile/tile.component.ts
FN:11,(anonymous_2)
FN:28,TileComponent
FN:14,(anonymous_4)
FN:18,(anonymous_5)
FN:21,(anonymous_6)
FN:24,(anonymous_7)
FN:31,(anonymous_8)
FNF:7
FNH:4
FNDA:1,(anonymous_2)
FNDA:1,TileComponent
FNDA:1,(anonymous_4)
FNDA:0,(anonymous_5)
FNDA:0,(anonymous_6)
FNDA:0,(anonymous_7)
FNDA:1,(anonymous_8)
DA:1,1
DA:2,1
DA:4,1
DA:11,1
DA:12,1
DA:14,2
DA:15,1
DA:16,0
DA:18,2
DA:19,0
DA:21,2
DA:22,0
DA:24,2
DA:25,0
DA:28,1
DA:31,1
DA:33,1
LF:17
LH:13
BRF:0
BRH:0
end_of_record
TN:
SF:/Users/jobcuppen/Documents/GitRepositories/MahjongWebs6/Mahjong/src/app/tile/components/tile-match/tile-match.component.ts
FN:10,(anonymous_2)
FN:19,TileMatchComponent
FN:21,(anonymous_4)
FN:24,(anonymous_5)
FNF:4
FNH:3
FNDA:1,(anonymous_2)
FNDA:1,TileMatchComponent
FNDA:1,(anonymous_4)
FNDA:0,(anonymous_5)
DA:1,1
DA:2,1
DA:10,1
DA:11,1
DA:12,1
DA:21,1
DA:22,1
DA:23,0
DA:24,0
DA:25,0
DA:28,1
LF:11
LH:8
BRF:0
BRH:0
end_of_record
TN:
SF:/Users/jobcuppen/Documents/GitRepositories/MahjongWebs6/Mahjong/src/app/tile/models/tile.ts
FN:4,(anonymous_0)
FNF:1
FNH:1
FNDA:1,(anonymous_0)
DA:4,1
DA:11,0
DA:12,1
DA:14,1
LF:4
LH:3
BRF:0
BRH:0
end_of_record
TN:
SF:/Users/jobcuppen/Documents/GitRepositories/MahjongWebs6/Mahjong/src/app/user/user.module.ts
FN:18,(anonymous_1)
FNF:1
FNH:1
FNDA:1,(anonymous_1)
DA:1,1
DA:2,1
DA:4,1
DA:6,1
DA:7,1
DA:18,1
LF:6
LH:6
BRF:0
BRH:0
end_of_record
TN:
SF:/Users/jobcuppen/Documents/GitRepositories/MahjongWebs6/Mahjong/src/app/user/models/user.ts
FN:1,(anonymous_0)
FNF:1
FNH:1
FNDA:1,(anonymous_0)
DA:1,1
DA:4,1
LF:2
LH:2
BRF:0
BRH:0
end_of_record
TN:
SF:/Users/jobcuppen/Documents/GitRepositories/MahjongWebs6/Mahjong/src/app/user/services/user.service.ts
FN:12,(anonymous_4)
FN:19,UserService
FN:22,(anonymous_6)
FN:26,(anonymous_7)
FN:32,(anonymous_8)
FN:39,(anonymous_9)
FNF:6
FNH:3
FNDA:1,(anonymous_4)
FNDA:4,UserService
FNDA:0,(anonymous_6)
FNDA:0,(anonymous_7)
FNDA:0,(anonymous_8)
FNDA:1,(anonymous_9)
DA:1,1
DA:2,1
DA:4,1
DA:12,1
DA:13,4
DA:15,4
DA:17,4
DA:19,4
DA:22,1
DA:23,0
DA:26,1
DA:27,0
DA:28,0
DA:29,0
DA:32,1
DA:33,0
DA:34,0
DA:35,0
DA:36,0
DA:39,1
DA:40,1
DA:41,1
DA:42,1
DA:43,1
DA:47,1
DA:50,1
LF:26
LH:18
BRDA:42,0,0,1
BRDA:42,0,1,0
BRDA:42,1,0,1
BRDA:42,1,1,1
BRF:4
BRH:3
end_of_record
